<?xml version="1.0" encoding="UTF-8"?>
<!-- Generated by org.testng.reporters.JUnitXMLReporter -->
<testsuite hostname="KVRR" name="Test" tests="2" failures="1" timestamp="6 Jun 2018 08:24:17 GMT" time="273.572" errors="0">
  <testcase name="selectCategoryType" time="85.551" classname="com.org.flipkart.filpkart.TC001SelectProduct"/>
  <testcase name="VerifyWithInvalidProduct" time="98.145" classname="com.org.flipkart.filpkart.TC002SelectProduct">
    <failure type="org.openqa.selenium.NoSuchElementException" message="Unable to locate element: //a[contains(text(),&amp;apos;Svanik Self Design Men Straight Kurta&amp;apos;)]
For documentation on this error, please visit: http://seleniumhq.org/exceptions/no_such_element.html
Build info: version: &amp;apos;3.4.0&amp;apos;, revision: &amp;apos;unknown&amp;apos;, time: &amp;apos;unknown&amp;apos;
System info: host: &amp;apos;KVRR&amp;apos;, ip: &amp;apos;192.168.43.185&amp;apos;, os.name: &amp;apos;Windows 8.1&amp;apos;, os.arch: &amp;apos;amd64&amp;apos;, os.version: &amp;apos;6.3&amp;apos;, java.version: &amp;apos;1.8.0_20-ea&amp;apos;
Driver info: org.openqa.selenium.firefox.FirefoxDriver
Capabilities [{moz:profile=C:\Users\RamanaReddy\AppData\Local\Temp\rust_mozprofile.s6qlJscZeYeB, rotatable=false, timeouts={implicit=0.0, pageLoad=300000.0, script=30000.0}, pageLoadStrategy=normal, moz:headless=false, platform=ANY, specificationLevel=0.0, moz:accessibilityChecks=false, acceptInsecureCerts=false, browserVersion=56.0, platformVersion=6.3, moz:processID=2700.0, browserName=firefox, javascriptEnabled=true, platformName=windows_nt}]
Session ID: cffd70c9-e561-42f9-9ac8-fd1dbcea9b51
*** Element info: {Using=xpath, value=//a[contains(text(),&amp;apos;Svanik Self Design Men Straight Kurta&amp;apos;)]}">
      <![CDATA[org.openqa.selenium.NoSuchElementException: Unable to locate element: //a[contains(text(),'Svanik Self Design Men Straight Kurta')]
For documentation on this error, please visit: http://seleniumhq.org/exceptions/no_such_element.html
Build info: version: '3.4.0', revision: 'unknown', time: 'unknown'
System info: host: 'KVRR', ip: '192.168.43.185', os.name: 'Windows 8.1', os.arch: 'amd64', os.version: '6.3', java.version: '1.8.0_20-ea'
Driver info: org.openqa.selenium.firefox.FirefoxDriver
Capabilities [{moz:profile=C:\Users\RamanaReddy\AppData\Local\Temp\rust_mozprofile.s6qlJscZeYeB, rotatable=false, timeouts={implicit=0.0, pageLoad=300000.0, script=30000.0}, pageLoadStrategy=normal, moz:headless=false, platform=ANY, specificationLevel=0.0, moz:accessibilityChecks=false, acceptInsecureCerts=false, browserVersion=56.0, platformVersion=6.3, moz:processID=2700.0, browserName=firefox, javascriptEnabled=true, platformName=windows_nt}]
Session ID: cffd70c9-e561-42f9-9ac8-fd1dbcea9b51
*** Element info: {Using=xpath, value=//a[contains(text(),'Svanik Self Design Men Straight Kurta')]}
	at org.openqa.selenium.remote.http.W3CHttpResponseCodec.createException(W3CHttpResponseCodec.java:150)
	at org.openqa.selenium.remote.http.W3CHttpResponseCodec.decode(W3CHttpResponseCodec.java:115)
	at org.openqa.selenium.remote.http.W3CHttpResponseCodec.decode(W3CHttpResponseCodec.java:45)
	at org.openqa.selenium.remote.HttpCommandExecutor.execute(HttpCommandExecutor.java:164)
	at org.openqa.selenium.remote.service.DriverCommandExecutor.execute(DriverCommandExecutor.java:82)
	at org.openqa.selenium.remote.RemoteWebDriver.execute(RemoteWebDriver.java:637)
	at org.openqa.selenium.remote.RemoteWebDriver.findElement(RemoteWebDriver.java:410)
	at org.openqa.selenium.remote.RemoteWebDriver.findElementByXPath(RemoteWebDriver.java:509)
	at org.openqa.selenium.By$ByXPath.findElement(By.java:361)
	at org.openqa.selenium.remote.RemoteWebDriver.findElement(RemoteWebDriver.java:402)
	at com.org.flipkart.filpkart.SelectPoductPage.selectPoductPage(SelectPoductPage.java:25)
	at com.org.flipkart.filpkart.TC002SelectProduct.VerifyWithInvalidProduct(TC002SelectProduct.java:29)
... Removed 28 stack frames]]>
    </failure>
  </testcase> <!-- VerifyWithInvalidProduct -->
</testsuite> <!-- Test -->
