<?xml version="1.0" encoding="UTF-8"?>
<testng-results skipped="0" failed="1" total="1" passed="0">
  <reporter-output>
    <line>
      <![CDATA[<a href='E:\JavaProject\flipkart\src\main\java\com\org\flipkart\screenshot\blank_26_06_2018_12_24_00.png'> <img src='E:\JavaProject\flipkart\src\main\java\com\org\flipkart\screenshot\blank_26_06_2018_12_24_00.png' height='100' width='100'/> </a>]]>
    </line>
  </reporter-output>
  <suite name="Default suite" duration-ms="173452" started-at="2018-06-26T16:21:08Z" finished-at="2018-06-26T16:24:02Z">
    <groups>
    </groups>
    <test name="Default test" duration-ms="173452" started-at="2018-06-26T16:21:08Z" finished-at="2018-06-26T16:24:02Z">
      <class name="com.org.flipkart.filpkart.TC002SelectProduct">
        <test-method status="PASS" signature="launch()[pri:0, instance:com.org.flipkart.filpkart.TC002SelectProduct@6eceb130]" name="launch" is-config="true" duration-ms="68288" started-at="2018-06-26T12:21:08Z" finished-at="2018-06-26T12:22:16Z">
          <reporter-output>
          </reporter-output>
        </test-method> <!-- launch -->
        <test-method status="PASS" signature="beforeMethod(java.lang.reflect.Method)[pri:0, instance:com.org.flipkart.filpkart.TC002SelectProduct@6eceb130]" name="beforeMethod" is-config="true" duration-ms="15" started-at="2018-06-26T12:22:16Z" finished-at="2018-06-26T12:22:16Z">
          <params>
            <param index="0">
              <value>
                <![CDATA[public void com.org.flipkart.filpkart.TC002SelectProduct.VerifyWithInvalidProduct() throws java.lang.InterruptedException]]>
              </value>
            </param>
          </params>
          <reporter-output>
          </reporter-output>
        </test-method> <!-- beforeMethod -->
        <test-method status="FAIL" signature="VerifyWithInvalidProduct()[pri:0, instance:com.org.flipkart.filpkart.TC002SelectProduct@6eceb130]" name="VerifyWithInvalidProduct" duration-ms="103869" started-at="2018-06-26T12:22:16Z" finished-at="2018-06-26T12:24:00Z">
          <exception class="org.openqa.selenium.NoSuchElementException">
            <message>
              <![CDATA[Unable to locate element: //a[contains(text(),'Svanik Self Design Men Straight Kurta')]
For documentation on this error, please visit: http://seleniumhq.org/exceptions/no_such_element.html
Build info: version: '3.4.0', revision: 'unknown', time: 'unknown'
System info: host: 'KVRR', ip: '192.168.43.185', os.name: 'Windows 8.1', os.arch: 'amd64', os.version: '6.3', java.version: '1.8.0_20-ea'
Driver info: org.openqa.selenium.firefox.FirefoxDriver
Capabilities [{moz:profile=C:\Users\RamanaReddy\AppData\Local\Temp\rust_mozprofile.lk4rToKABgbd, rotatable=false, timeouts={implicit=0.0, pageLoad=300000.0, script=30000.0}, pageLoadStrategy=normal, moz:headless=false, platform=ANY, specificationLevel=0.0, moz:accessibilityChecks=false, acceptInsecureCerts=false, browserVersion=56.0, platformVersion=6.3, moz:processID=36.0, browserName=firefox, javascriptEnabled=true, platformName=windows_nt}]
Session ID: 329f7846-bc59-4981-a1af-ca913bcade7d
*** Element info: {Using=xpath, value=//a[contains(text(),'Svanik Self Design Men Straight Kurta')]}]]>
            </message>
            <full-stacktrace>
              <![CDATA[org.openqa.selenium.NoSuchElementException: Unable to locate element: //a[contains(text(),'Svanik Self Design Men Straight Kurta')]
For documentation on this error, please visit: http://seleniumhq.org/exceptions/no_such_element.html
Build info: version: '3.4.0', revision: 'unknown', time: 'unknown'
System info: host: 'KVRR', ip: '192.168.43.185', os.name: 'Windows 8.1', os.arch: 'amd64', os.version: '6.3', java.version: '1.8.0_20-ea'
Driver info: org.openqa.selenium.firefox.FirefoxDriver
Capabilities [{moz:profile=C:\Users\RamanaReddy\AppData\Local\Temp\rust_mozprofile.lk4rToKABgbd, rotatable=false, timeouts={implicit=0.0, pageLoad=300000.0, script=30000.0}, pageLoadStrategy=normal, moz:headless=false, platform=ANY, specificationLevel=0.0, moz:accessibilityChecks=false, acceptInsecureCerts=false, browserVersion=56.0, platformVersion=6.3, moz:processID=36.0, browserName=firefox, javascriptEnabled=true, platformName=windows_nt}]
Session ID: 329f7846-bc59-4981-a1af-ca913bcade7d
*** Element info: {Using=xpath, value=//a[contains(text(),'Svanik Self Design Men Straight Kurta')]}
	at sun.reflect.NativeConstructorAccessorImpl.newInstance0(Native Method)
	at sun.reflect.NativeConstructorAccessorImpl.newInstance(Unknown Source)
	at sun.reflect.DelegatingConstructorAccessorImpl.newInstance(Unknown Source)
	at java.lang.reflect.Constructor.newInstance(Unknown Source)
	at org.openqa.selenium.remote.http.W3CHttpResponseCodec.createException(W3CHttpResponseCodec.java:150)
	at org.openqa.selenium.remote.http.W3CHttpResponseCodec.decode(W3CHttpResponseCodec.java:115)
	at org.openqa.selenium.remote.http.W3CHttpResponseCodec.decode(W3CHttpResponseCodec.java:45)
	at org.openqa.selenium.remote.HttpCommandExecutor.execute(HttpCommandExecutor.java:164)
	at org.openqa.selenium.remote.service.DriverCommandExecutor.execute(DriverCommandExecutor.java:82)
	at org.openqa.selenium.remote.RemoteWebDriver.execute(RemoteWebDriver.java:637)
	at org.openqa.selenium.remote.RemoteWebDriver.findElement(RemoteWebDriver.java:410)
	at org.openqa.selenium.remote.RemoteWebDriver.findElementByXPath(RemoteWebDriver.java:509)
	at org.openqa.selenium.By$ByXPath.findElement(By.java:361)
	at org.openqa.selenium.remote.RemoteWebDriver.findElement(RemoteWebDriver.java:402)
	at com.org.flipkart.filpkart.SelectPoductPage.selectPoductPage(SelectPoductPage.java:25)
	at com.org.flipkart.filpkart.TC002SelectProduct.VerifyWithInvalidProduct(TC002SelectProduct.java:29)
	at sun.reflect.NativeMethodAccessorImpl.invoke0(Native Method)
	at sun.reflect.NativeMethodAccessorImpl.invoke(Unknown Source)
	at sun.reflect.DelegatingMethodAccessorImpl.invoke(Unknown Source)
	at java.lang.reflect.Method.invoke(Unknown Source)
	at org.testng.internal.MethodInvocationHelper.invokeMethod(MethodInvocationHelper.java:85)
	at org.testng.internal.Invoker.invokeMethod(Invoker.java:648)
	at org.testng.internal.Invoker.invokeTestMethod(Invoker.java:834)
	at org.testng.internal.Invoker.invokeTestMethods(Invoker.java:1142)
	at org.testng.internal.TestMethodWorker.invokeTestMethods(TestMethodWorker.java:124)
	at org.testng.internal.TestMethodWorker.run(TestMethodWorker.java:108)
	at org.testng.TestRunner.privateRun(TestRunner.java:771)
	at org.testng.TestRunner.run(TestRunner.java:621)
	at org.testng.SuiteRunner.runTest(SuiteRunner.java:357)
	at org.testng.SuiteRunner.runSequentially(SuiteRunner.java:352)
	at org.testng.SuiteRunner.privateRun(SuiteRunner.java:310)
	at org.testng.SuiteRunner.run(SuiteRunner.java:259)
	at org.testng.SuiteRunnerWorker.runSuite(SuiteRunnerWorker.java:52)
	at org.testng.SuiteRunnerWorker.run(SuiteRunnerWorker.java:86)
	at org.testng.TestNG.runSuitesSequentially(TestNG.java:1176)
	at org.testng.TestNG.runSuitesLocally(TestNG.java:1101)
	at org.testng.TestNG.run(TestNG.java:1009)
	at org.testng.remote.RemoteTestNG.run(RemoteTestNG.java:111)
	at org.testng.remote.RemoteTestNG.initAndRun(RemoteTestNG.java:204)
	at org.testng.remote.RemoteTestNG.main(RemoteTestNG.java:175)
]]>
            </full-stacktrace>
          </exception> <!-- org.openqa.selenium.NoSuchElementException -->
          <reporter-output>
          </reporter-output>
        </test-method> <!-- VerifyWithInvalidProduct -->
        <test-method status="PASS" signature="afterMethod(org.testng.ITestResult)[pri:0, instance:com.org.flipkart.filpkart.TC002SelectProduct@6eceb130]" name="afterMethod" is-config="true" duration-ms="343" started-at="2018-06-26T12:24:00Z" finished-at="2018-06-26T12:24:01Z">
          <params>
            <param index="0">
              <value>
                <![CDATA[[TestResult name=VerifyWithInvalidProduct status=FAILURE method=TC002SelectProduct.VerifyWithInvalidProduct()[pri:0, instance:com.org.flipkart.filpkart.TC002SelectProduct@6eceb130] output={null}]]]>
              </value>
            </param>
          </params>
          <reporter-output>
            <line>
              <![CDATA[<a href='E:\JavaProject\flipkart\src\main\java\com\org\flipkart\screenshot\blank_26_06_2018_12_24_00.png'> <img src='E:\JavaProject\flipkart\src\main\java\com\org\flipkart\screenshot\blank_26_06_2018_12_24_00.png' height='100' width='100'/> </a>]]>
            </line>
          </reporter-output>
        </test-method> <!-- afterMethod -->
        <test-method status="PASS" signature="quit()[pri:0, instance:com.org.flipkart.filpkart.TC002SelectProduct@6eceb130]" name="quit" is-config="true" duration-ms="875" started-at="2018-06-26T12:24:01Z" finished-at="2018-06-26T12:24:02Z">
          <reporter-output>
          </reporter-output>
        </test-method> <!-- quit -->
      </class> <!-- com.org.flipkart.filpkart.TC002SelectProduct -->
    </test> <!-- Default test -->
  </suite> <!-- Default suite -->
</testng-results>
